{"total": {"lines":{"total":41,"covered":38,"skipped":0,"pct":92.68},"statements":{"total":47,"covered":43,"skipped":0,"pct":91.48},"functions":{"total":14,"covered":13,"skipped":0,"pct":92.85},"branches":{"total":16,"covered":14,"skipped":0,"pct":87.5},"branchesTrue":{"total":0,"covered":0,"skipped":0,"pct":100}}
,"/home/kerli/trybe/trybe-exercicios/modulo_03_Back_end/bloco-30-mongodb-com-node-e-poo/dia-01-mongoose-arquitetura-msc/src/glassesStore/models/frame.ts": {"lines":{"total":5,"covered":5,"skipped":0,"pct":100},"functions":{"total":1,"covered":1,"skipped":0,"pct":100},"statements":{"total":5,"covered":5,"skipped":0,"pct":100},"branches":{"total":1,"covered":1,"skipped":0,"pct":100}}
,"/home/kerli/trybe/trybe-exercicios/modulo_03_Back_end/bloco-30-mongodb-com-node-e-poo/dia-01-mongoose-arquitetura-msc/src/glassesStore/models/lens.ts": {"lines":{"total":5,"covered":5,"skipped":0,"pct":100},"functions":{"total":1,"covered":1,"skipped":0,"pct":100},"statements":{"total":5,"covered":5,"skipped":0,"pct":100},"branches":{"total":1,"covered":1,"skipped":0,"pct":100}}
,"/home/kerli/trybe/trybe-exercicios/modulo_03_Back_end/bloco-30-mongodb-com-node-e-poo/dia-01-mongoose-arquitetura-msc/src/glassesStore/models/mongoModel.ts": {"lines":{"total":12,"covered":12,"skipped":0,"pct":100},"functions":{"total":6,"covered":6,"skipped":0,"pct":100},"statements":{"total":15,"covered":15,"skipped":0,"pct":100},"branches":{"total":6,"covered":6,"skipped":0,"pct":100}}
,"/home/kerli/trybe/trybe-exercicios/modulo_03_Back_end/bloco-30-mongodb-com-node-e-poo/dia-01-mongoose-arquitetura-msc/src/glassesStore/services/frameService.ts": {"lines":{"total":19,"covered":16,"skipped":0,"pct":84.21},"functions":{"total":6,"covered":5,"skipped":0,"pct":83.33},"statements":{"total":22,"covered":18,"skipped":0,"pct":81.81},"branches":{"total":8,"covered":6,"skipped":0,"pct":75}}
}
