{"total": {"lines":{"total":33,"covered":33,"skipped":0,"pct":100},"statements":{"total":37,"covered":37,"skipped":0,"pct":100},"functions":{"total":11,"covered":11,"skipped":0,"pct":100},"branches":{"total":12,"covered":12,"skipped":0,"pct":100},"branchesTrue":{"total":0,"covered":0,"skipped":0,"pct":100}}
,"/home/kerli/trybe/trybe-exercicios/modulo_03_Back_end/bloco-30-mongodb-com-node-e-poo/dia-01-mongoose-arquitetura-msc/src/glassesStore/models/frame.ts": {"lines":{"total":5,"covered":5,"skipped":0,"pct":100},"functions":{"total":1,"covered":1,"skipped":0,"pct":100},"statements":{"total":5,"covered":5,"skipped":0,"pct":100},"branches":{"total":1,"covered":1,"skipped":0,"pct":100}}
,"/home/kerli/trybe/trybe-exercicios/modulo_03_Back_end/bloco-30-mongodb-com-node-e-poo/dia-01-mongoose-arquitetura-msc/src/glassesStore/models/lens.ts": {"lines":{"total":5,"covered":5,"skipped":0,"pct":100},"functions":{"total":1,"covered":1,"skipped":0,"pct":100},"statements":{"total":5,"covered":5,"skipped":0,"pct":100},"branches":{"total":1,"covered":1,"skipped":0,"pct":100}}
,"/home/kerli/trybe/trybe-exercicios/modulo_03_Back_end/bloco-30-mongodb-com-node-e-poo/dia-01-mongoose-arquitetura-msc/src/glassesStore/models/mongoModel.ts": {"lines":{"total":12,"covered":12,"skipped":0,"pct":100},"functions":{"total":6,"covered":6,"skipped":0,"pct":100},"statements":{"total":15,"covered":15,"skipped":0,"pct":100},"branches":{"total":6,"covered":6,"skipped":0,"pct":100}}
,"/home/kerli/trybe/trybe-exercicios/modulo_03_Back_end/bloco-30-mongodb-com-node-e-poo/dia-01-mongoose-arquitetura-msc/src/glassesStore/services/frameService.ts": {"lines":{"total":11,"covered":11,"skipped":0,"pct":100},"functions":{"total":3,"covered":3,"skipped":0,"pct":100},"statements":{"total":12,"covered":12,"skipped":0,"pct":100},"branches":{"total":4,"covered":4,"skipped":0,"pct":100}}
}
