TN:
SF:src/glassesStore/models/frame.ts
FN:11,(anonymous_1)
FNF:1
FNH:1
FNDA:1,(anonymous_1)
DA:1,1
DA:3,1
DA:5,1
DA:12,1
DA:16,1
LF:5
LH:5
BRDA:11,0,0,1
BRF:1
BRH:1
end_of_record
TN:
SF:src/glassesStore/models/lens.ts
FN:12,(anonymous_1)
FNF:1
FNH:1
FNDA:1,(anonymous_1)
DA:1,1
DA:3,1
DA:5,1
DA:13,1
DA:17,1
LF:5
LH:5
BRDA:12,0,0,1
BRF:1
BRH:1
end_of_record
TN:
SF:src/glassesStore/models/mongoModel.ts
FN:8,(anonymous_7)
FN:12,(anonymous_8)
FN:16,(anonymous_10)
FN:21,(anonymous_12)
FN:25,(anonymous_14)
FNF:5
FNH:5
FNDA:2,(anonymous_7)
FNDA:2,(anonymous_8)
FNDA:4,(anonymous_10)
FNDA:2,(anonymous_12)
FNDA:4,(anonymous_14)
DA:2,1
DA:9,2
DA:13,2
DA:17,4
DA:18,2
DA:22,2
DA:26,4
DA:27,2
DA:32,1
LF:9
LH:9
BRDA:17,0,0,2
BRDA:17,0,1,2
BRDA:26,1,0,2
BRDA:26,1,1,2
BRF:4
BRH:4
end_of_record
